ιπε 28, 2017 12:00:56 AM org.apache.catalina.core.AprLifecycleListener init
INFO: Loaded APR based Apache Tomcat Native library 1.1.27 using APR version 1.4.6.
ιπε 28, 2017 12:00:56 AM org.apache.catalina.core.AprLifecycleListener init
INFO: APR capabilities: IPv6 [true], sendfile [true], accept filters [false], random [true].
ιπε 28, 2017 12:00:57 AM org.apache.catalina.core.AprLifecycleListener initializeSSL
INFO: OpenSSL successfully initialized (OpenSSL 1.0.1d 5 Feb 2013)
ιπε 28, 2017 12:00:57 AM org.apache.coyote.AbstractProtocol init
INFO: Initializing ProtocolHandler ["http-apr-8080"]
ιπε 28, 2017 12:00:57 AM org.apache.coyote.AbstractProtocol init
INFO: Initializing ProtocolHandler ["ajp-apr-8009"]
ιπε 28, 2017 12:00:57 AM org.apache.catalina.startup.Catalina load
INFO: Initialization processed in 828 ms
ιπε 28, 2017 12:00:57 AM org.apache.catalina.core.StandardService startInternal
INFO: Starting service Catalina
ιπε 28, 2017 12:00:57 AM org.apache.catalina.core.StandardEngine startInternal
INFO: Starting Servlet Engine: Apache Tomcat/7.0.40
ιπε 28, 2017 12:00:57 AM org.apache.catalina.startup.HostConfig deployWAR
INFO: Deploying web application archive C:\aviad\projects\java\Java and Internet course\examples\Online Chat V2\3rd\apache-tomcat-7.0.40\webapps\chat.war
ιπε 28, 2017 12:00:57 AM org.apache.catalina.startup.HostConfig deployWAR
INFO: Deploying web application archive C:\aviad\projects\java\Java and Internet course\examples\Online Chat V2\3rd\apache-tomcat-7.0.40\webapps\gridler.war
ιπε 28, 2017 12:00:57 AM org.apache.catalina.startup.HostConfig deployDirectory
INFO: Deploying web application directory C:\aviad\projects\java\Java and Internet course\examples\Online Chat V2\3rd\apache-tomcat-7.0.40\webapps\docs
ιπε 28, 2017 12:00:57 AM org.apache.catalina.startup.HostConfig deployDirectory
INFO: Deploying web application directory C:\aviad\projects\java\Java and Internet course\examples\Online Chat V2\3rd\apache-tomcat-7.0.40\webapps\examples
ιπε 28, 2017 12:00:57 AM org.apache.catalina.startup.HostConfig deployDirectory
INFO: Deploying web application directory C:\aviad\projects\java\Java and Internet course\examples\Online Chat V2\3rd\apache-tomcat-7.0.40\webapps\host-manager
ιπε 28, 2017 12:00:57 AM org.apache.catalina.startup.HostConfig deployDirectory
INFO: Deploying web application directory C:\aviad\projects\java\Java and Internet course\examples\Online Chat V2\3rd\apache-tomcat-7.0.40\webapps\manager
ιπε 28, 2017 12:00:58 AM org.apache.catalina.startup.HostConfig deployDirectory
INFO: Deploying web application directory C:\aviad\projects\java\Java and Internet course\examples\Online Chat V2\3rd\apache-tomcat-7.0.40\webapps\ROOT
ιπε 28, 2017 12:00:58 AM org.apache.coyote.AbstractProtocol start
INFO: Starting ProtocolHandler ["http-apr-8080"]
ιπε 28, 2017 12:00:58 AM org.apache.coyote.AbstractProtocol start
INFO: Starting ProtocolHandler ["ajp-apr-8009"]
ιπε 28, 2017 12:00:58 AM org.apache.catalina.startup.Catalina start
INFO: Server startup in 666 ms
ιπε 28, 2017 12:02:39 AM org.apache.catalina.core.AprLifecycleListener init
INFO: Loaded APR based Apache Tomcat Native library 1.1.27 using APR version 1.4.6.
ιπε 28, 2017 12:02:40 AM org.apache.catalina.core.AprLifecycleListener init
INFO: APR capabilities: IPv6 [true], sendfile [true], accept filters [false], random [true].
ιπε 28, 2017 12:02:40 AM org.apache.catalina.core.AprLifecycleListener initializeSSL
INFO: OpenSSL successfully initialized (OpenSSL 1.0.1d 5 Feb 2013)
ιπε 28, 2017 12:02:40 AM org.apache.coyote.AbstractProtocol init
INFO: Initializing ProtocolHandler ["http-apr-8080"]
ιπε 28, 2017 12:02:40 AM org.apache.coyote.AbstractProtocol init
INFO: Initializing ProtocolHandler ["ajp-apr-8009"]
ιπε 28, 2017 12:02:40 AM org.apache.catalina.startup.Catalina load
INFO: Initialization processed in 762 ms
ιπε 28, 2017 12:02:40 AM org.apache.catalina.core.StandardService startInternal
INFO: Starting service Catalina
ιπε 28, 2017 12:02:40 AM org.apache.catalina.core.StandardEngine startInternal
INFO: Starting Servlet Engine: Apache Tomcat/7.0.40
ιπε 28, 2017 12:02:40 AM org.apache.catalina.startup.HostConfig deployWAR
INFO: Deploying web application archive C:\aviad\projects\java\Java and Internet course\examples\Online Chat V2\3rd\apache-tomcat-7.0.40\webapps\chat.war
ιπε 28, 2017 12:02:40 AM org.apache.catalina.startup.HostConfig deployWAR
INFO: Deploying web application archive C:\aviad\projects\java\Java and Internet course\examples\Online Chat V2\3rd\apache-tomcat-7.0.40\webapps\gridler.war
ιπε 28, 2017 12:02:41 AM org.apache.catalina.startup.HostConfig deployDirectory
INFO: Deploying web application directory C:\aviad\projects\java\Java and Internet course\examples\Online Chat V2\3rd\apache-tomcat-7.0.40\webapps\docs
ιπε 28, 2017 12:02:41 AM org.apache.catalina.startup.HostConfig deployDirectory
INFO: Deploying web application directory C:\aviad\projects\java\Java and Internet course\examples\Online Chat V2\3rd\apache-tomcat-7.0.40\webapps\examples
ιπε 28, 2017 12:02:41 AM org.apache.catalina.startup.HostConfig deployDirectory
INFO: Deploying web application directory C:\aviad\projects\java\Java and Internet course\examples\Online Chat V2\3rd\apache-tomcat-7.0.40\webapps\host-manager
ιπε 28, 2017 12:02:41 AM org.apache.catalina.startup.HostConfig deployDirectory
INFO: Deploying web application directory C:\aviad\projects\java\Java and Internet course\examples\Online Chat V2\3rd\apache-tomcat-7.0.40\webapps\manager
ιπε 28, 2017 12:02:41 AM org.apache.catalina.startup.HostConfig deployDirectory
INFO: Deploying web application directory C:\aviad\projects\java\Java and Internet course\examples\Online Chat V2\3rd\apache-tomcat-7.0.40\webapps\ROOT
ιπε 28, 2017 12:02:41 AM org.apache.coyote.AbstractProtocol start
INFO: Starting ProtocolHandler ["http-apr-8080"]
ιπε 28, 2017 12:02:41 AM org.apache.coyote.AbstractProtocol start
INFO: Starting ProtocolHandler ["ajp-apr-8009"]
ιπε 28, 2017 12:02:41 AM org.apache.catalina.startup.Catalina start
INFO: Server startup in 621 ms
ιπε 28, 2017 12:05:23 AM org.apache.catalina.core.AprLifecycleListener init
INFO: Loaded APR based Apache Tomcat Native library 1.1.27 using APR version 1.4.6.
ιπε 28, 2017 12:05:23 AM org.apache.catalina.core.AprLifecycleListener init
INFO: APR capabilities: IPv6 [true], sendfile [true], accept filters [false], random [true].
ιπε 28, 2017 12:05:23 AM org.apache.catalina.core.AprLifecycleListener initializeSSL
INFO: OpenSSL successfully initialized (OpenSSL 1.0.1d 5 Feb 2013)
ιπε 28, 2017 12:05:23 AM org.apache.coyote.AbstractProtocol init
INFO: Initializing ProtocolHandler ["http-apr-8080"]
ιπε 28, 2017 12:05:23 AM org.apache.coyote.AbstractProtocol init
INFO: Initializing ProtocolHandler ["ajp-apr-8009"]
ιπε 28, 2017 12:05:23 AM org.apache.catalina.startup.Catalina load
INFO: Initialization processed in 781 ms
ιπε 28, 2017 12:05:23 AM org.apache.catalina.core.StandardService startInternal
INFO: Starting service Catalina
ιπε 28, 2017 12:05:23 AM org.apache.catalina.core.StandardEngine startInternal
INFO: Starting Servlet Engine: Apache Tomcat/7.0.40
ιπε 28, 2017 12:05:23 AM org.apache.catalina.startup.HostConfig deployWAR
INFO: Deploying web application archive C:\aviad\projects\java\Java and Internet course\examples\Online Chat V2\3rd\apache-tomcat-7.0.40\webapps\chat.war
ιπε 28, 2017 12:05:24 AM org.apache.catalina.startup.HostConfig deployWAR
INFO: Deploying web application archive C:\aviad\projects\java\Java and Internet course\examples\Online Chat V2\3rd\apache-tomcat-7.0.40\webapps\gridler.war
ιπε 28, 2017 12:05:24 AM org.apache.catalina.startup.HostConfig deployDirectory
INFO: Deploying web application directory C:\aviad\projects\java\Java and Internet course\examples\Online Chat V2\3rd\apache-tomcat-7.0.40\webapps\docs
ιπε 28, 2017 12:05:24 AM org.apache.catalina.startup.HostConfig deployDirectory
INFO: Deploying web application directory C:\aviad\projects\java\Java and Internet course\examples\Online Chat V2\3rd\apache-tomcat-7.0.40\webapps\examples
ιπε 28, 2017 12:05:24 AM org.apache.catalina.startup.HostConfig deployDirectory
INFO: Deploying web application directory C:\aviad\projects\java\Java and Internet course\examples\Online Chat V2\3rd\apache-tomcat-7.0.40\webapps\host-manager
ιπε 28, 2017 12:05:24 AM org.apache.catalina.startup.HostConfig deployDirectory
INFO: Deploying web application directory C:\aviad\projects\java\Java and Internet course\examples\Online Chat V2\3rd\apache-tomcat-7.0.40\webapps\manager
ιπε 28, 2017 12:05:24 AM org.apache.catalina.startup.HostConfig deployDirectory
INFO: Deploying web application directory C:\aviad\projects\java\Java and Internet course\examples\Online Chat V2\3rd\apache-tomcat-7.0.40\webapps\ROOT
ιπε 28, 2017 12:05:24 AM org.apache.coyote.AbstractProtocol start
INFO: Starting ProtocolHandler ["http-apr-8080"]
ιπε 28, 2017 12:05:24 AM org.apache.coyote.AbstractProtocol start
INFO: Starting ProtocolHandler ["ajp-apr-8009"]
ιπε 28, 2017 12:05:24 AM org.apache.catalina.startup.Catalina start
INFO: Server startup in 637 ms
ιπε 28, 2017 12:20:04 AM org.apache.catalina.core.AprLifecycleListener init
INFO: Loaded APR based Apache Tomcat Native library 1.1.27 using APR version 1.4.6.
ιπε 28, 2017 12:20:04 AM org.apache.catalina.core.AprLifecycleListener init
INFO: APR capabilities: IPv6 [true], sendfile [true], accept filters [false], random [true].
ιπε 28, 2017 12:20:05 AM org.apache.catalina.core.AprLifecycleListener initializeSSL
INFO: OpenSSL successfully initialized (OpenSSL 1.0.1d 5 Feb 2013)
ιπε 28, 2017 12:20:05 AM org.apache.coyote.AbstractProtocol init
INFO: Initializing ProtocolHandler ["http-apr-8080"]
ιπε 28, 2017 12:20:05 AM org.apache.coyote.AbstractProtocol init
INFO: Initializing ProtocolHandler ["ajp-apr-8009"]
ιπε 28, 2017 12:20:05 AM org.apache.catalina.startup.Catalina load
INFO: Initialization processed in 800 ms
ιπε 28, 2017 12:20:05 AM org.apache.catalina.core.StandardService startInternal
INFO: Starting service Catalina
ιπε 28, 2017 12:20:05 AM org.apache.catalina.core.StandardEngine startInternal
INFO: Starting Servlet Engine: Apache Tomcat/7.0.40
ιπε 28, 2017 12:20:05 AM org.apache.catalina.startup.HostConfig deployWAR
INFO: Deploying web application archive C:\aviad\projects\java\Java and Internet course\examples\Online Chat V2\3rd\apache-tomcat-7.0.40\webapps\chat.war
ιπε 28, 2017 12:20:05 AM org.apache.catalina.startup.HostConfig deployWAR
INFO: Deploying web application archive C:\aviad\projects\java\Java and Internet course\examples\Online Chat V2\3rd\apache-tomcat-7.0.40\webapps\gridler.war
ιπε 28, 2017 12:20:05 AM org.apache.catalina.startup.HostConfig deployDirectory
INFO: Deploying web application directory C:\aviad\projects\java\Java and Internet course\examples\Online Chat V2\3rd\apache-tomcat-7.0.40\webapps\docs
ιπε 28, 2017 12:20:05 AM org.apache.catalina.startup.HostConfig deployDirectory
INFO: Deploying web application directory C:\aviad\projects\java\Java and Internet course\examples\Online Chat V2\3rd\apache-tomcat-7.0.40\webapps\examples
ιπε 28, 2017 12:20:05 AM org.apache.catalina.startup.HostConfig deployDirectory
INFO: Deploying web application directory C:\aviad\projects\java\Java and Internet course\examples\Online Chat V2\3rd\apache-tomcat-7.0.40\webapps\host-manager
ιπε 28, 2017 12:20:05 AM org.apache.catalina.startup.HostConfig deployDirectory
INFO: Deploying web application directory C:\aviad\projects\java\Java and Internet course\examples\Online Chat V2\3rd\apache-tomcat-7.0.40\webapps\manager
ιπε 28, 2017 12:20:05 AM org.apache.catalina.startup.HostConfig deployDirectory
INFO: Deploying web application directory C:\aviad\projects\java\Java and Internet course\examples\Online Chat V2\3rd\apache-tomcat-7.0.40\webapps\ROOT
ιπε 28, 2017 12:20:05 AM org.apache.coyote.AbstractProtocol start
INFO: Starting ProtocolHandler ["http-apr-8080"]
ιπε 28, 2017 12:20:05 AM org.apache.coyote.AbstractProtocol start
INFO: Starting ProtocolHandler ["ajp-apr-8009"]
ιπε 28, 2017 12:20:05 AM org.apache.catalina.startup.Catalina start
INFO: Server startup in 633 ms
ιπε 28, 2017 12:26:15 AM org.apache.catalina.core.AprLifecycleListener init
INFO: Loaded APR based Apache Tomcat Native library 1.1.27 using APR version 1.4.6.
ιπε 28, 2017 12:26:15 AM org.apache.catalina.core.AprLifecycleListener init
INFO: APR capabilities: IPv6 [true], sendfile [true], accept filters [false], random [true].
ιπε 28, 2017 12:26:15 AM org.apache.catalina.core.AprLifecycleListener initializeSSL
INFO: OpenSSL successfully initialized (OpenSSL 1.0.1d 5 Feb 2013)
ιπε 28, 2017 12:26:15 AM org.apache.coyote.AbstractProtocol init
INFO: Initializing ProtocolHandler ["http-apr-8080"]
ιπε 28, 2017 12:26:15 AM org.apache.coyote.AbstractProtocol init
INFO: Initializing ProtocolHandler ["ajp-apr-8009"]
ιπε 28, 2017 12:26:15 AM org.apache.catalina.startup.Catalina load
INFO: Initialization processed in 781 ms
ιπε 28, 2017 12:26:15 AM org.apache.catalina.core.StandardService startInternal
INFO: Starting service Catalina
ιπε 28, 2017 12:26:15 AM org.apache.catalina.core.StandardEngine startInternal
INFO: Starting Servlet Engine: Apache Tomcat/7.0.40
ιπε 28, 2017 12:26:15 AM org.apache.catalina.startup.HostConfig deployWAR
INFO: Deploying web application archive C:\aviad\projects\java\Java and Internet course\examples\Online Chat V2\3rd\apache-tomcat-7.0.40\webapps\chat.war
ιπε 28, 2017 12:26:16 AM org.apache.catalina.startup.HostConfig deployWAR
INFO: Deploying web application archive C:\aviad\projects\java\Java and Internet course\examples\Online Chat V2\3rd\apache-tomcat-7.0.40\webapps\gridler.war
ιπε 28, 2017 12:26:16 AM org.apache.catalina.startup.HostConfig deployDirectory
INFO: Deploying web application directory C:\aviad\projects\java\Java and Internet course\examples\Online Chat V2\3rd\apache-tomcat-7.0.40\webapps\docs
ιπε 28, 2017 12:26:16 AM org.apache.catalina.startup.HostConfig deployDirectory
INFO: Deploying web application directory C:\aviad\projects\java\Java and Internet course\examples\Online Chat V2\3rd\apache-tomcat-7.0.40\webapps\examples
ιπε 28, 2017 12:26:16 AM org.apache.catalina.startup.HostConfig deployDirectory
INFO: Deploying web application directory C:\aviad\projects\java\Java and Internet course\examples\Online Chat V2\3rd\apache-tomcat-7.0.40\webapps\host-manager
ιπε 28, 2017 12:26:16 AM org.apache.catalina.startup.HostConfig deployDirectory
INFO: Deploying web application directory C:\aviad\projects\java\Java and Internet course\examples\Online Chat V2\3rd\apache-tomcat-7.0.40\webapps\manager
ιπε 28, 2017 12:26:16 AM org.apache.catalina.startup.HostConfig deployDirectory
INFO: Deploying web application directory C:\aviad\projects\java\Java and Internet course\examples\Online Chat V2\3rd\apache-tomcat-7.0.40\webapps\ROOT
ιπε 28, 2017 12:26:16 AM org.apache.coyote.AbstractProtocol start
INFO: Starting ProtocolHandler ["http-apr-8080"]
ιπε 28, 2017 12:26:16 AM org.apache.coyote.AbstractProtocol start
INFO: Starting ProtocolHandler ["ajp-apr-8009"]
ιπε 28, 2017 12:26:16 AM org.apache.catalina.startup.Catalina start
INFO: Server startup in 682 ms
ιπε 28, 2017 12:34:12 AM org.apache.catalina.core.AprLifecycleListener init
INFO: Loaded APR based Apache Tomcat Native library 1.1.27 using APR version 1.4.6.
ιπε 28, 2017 12:34:12 AM org.apache.catalina.core.AprLifecycleListener init
INFO: APR capabilities: IPv6 [true], sendfile [true], accept filters [false], random [true].
ιπε 28, 2017 12:34:12 AM org.apache.catalina.core.AprLifecycleListener initializeSSL
INFO: OpenSSL successfully initialized (OpenSSL 1.0.1d 5 Feb 2013)
ιπε 28, 2017 12:34:12 AM org.apache.coyote.AbstractProtocol init
INFO: Initializing ProtocolHandler ["http-apr-8080"]
ιπε 28, 2017 12:34:12 AM org.apache.coyote.AbstractProtocol init
INFO: Initializing ProtocolHandler ["ajp-apr-8009"]
ιπε 28, 2017 12:34:12 AM org.apache.catalina.startup.Catalina load
INFO: Initialization processed in 774 ms
ιπε 28, 2017 12:34:12 AM org.apache.catalina.core.StandardService startInternal
INFO: Starting service Catalina
ιπε 28, 2017 12:34:12 AM org.apache.catalina.core.StandardEngine startInternal
INFO: Starting Servlet Engine: Apache Tomcat/7.0.40
ιπε 28, 2017 12:34:12 AM org.apache.catalina.startup.HostConfig deployWAR
INFO: Deploying web application archive C:\aviad\projects\java\Java and Internet course\examples\Online Chat V2\3rd\apache-tomcat-7.0.40\webapps\chat.war
ιπε 28, 2017 12:34:13 AM org.apache.catalina.startup.HostConfig deployWAR
INFO: Deploying web application archive C:\aviad\projects\java\Java and Internet course\examples\Online Chat V2\3rd\apache-tomcat-7.0.40\webapps\gridler.war
ιπε 28, 2017 12:34:13 AM org.apache.catalina.startup.HostConfig deployDirectory
INFO: Deploying web application directory C:\aviad\projects\java\Java and Internet course\examples\Online Chat V2\3rd\apache-tomcat-7.0.40\webapps\docs
ιπε 28, 2017 12:34:13 AM org.apache.catalina.startup.HostConfig deployDirectory
INFO: Deploying web application directory C:\aviad\projects\java\Java and Internet course\examples\Online Chat V2\3rd\apache-tomcat-7.0.40\webapps\examples
ιπε 28, 2017 12:34:13 AM org.apache.catalina.startup.HostConfig deployDirectory
INFO: Deploying web application directory C:\aviad\projects\java\Java and Internet course\examples\Online Chat V2\3rd\apache-tomcat-7.0.40\webapps\host-manager
ιπε 28, 2017 12:34:13 AM org.apache.catalina.startup.HostConfig deployDirectory
INFO: Deploying web application directory C:\aviad\projects\java\Java and Internet course\examples\Online Chat V2\3rd\apache-tomcat-7.0.40\webapps\manager
ιπε 28, 2017 12:34:13 AM org.apache.catalina.startup.HostConfig deployDirectory
INFO: Deploying web application directory C:\aviad\projects\java\Java and Internet course\examples\Online Chat V2\3rd\apache-tomcat-7.0.40\webapps\ROOT
ιπε 28, 2017 12:34:13 AM org.apache.coyote.AbstractProtocol start
INFO: Starting ProtocolHandler ["http-apr-8080"]
ιπε 28, 2017 12:34:13 AM org.apache.coyote.AbstractProtocol start
INFO: Starting ProtocolHandler ["ajp-apr-8009"]
ιπε 28, 2017 12:34:13 AM org.apache.catalina.startup.Catalina start
INFO: Server startup in 653 ms
ιπε 28, 2017 12:41:34 AM org.apache.catalina.core.AprLifecycleListener init
INFO: Loaded APR based Apache Tomcat Native library 1.1.27 using APR version 1.4.6.
ιπε 28, 2017 12:41:34 AM org.apache.catalina.core.AprLifecycleListener init
INFO: APR capabilities: IPv6 [true], sendfile [true], accept filters [false], random [true].
ιπε 28, 2017 12:41:35 AM org.apache.catalina.core.AprLifecycleListener initializeSSL
INFO: OpenSSL successfully initialized (OpenSSL 1.0.1d 5 Feb 2013)
ιπε 28, 2017 12:41:35 AM org.apache.coyote.AbstractProtocol init
INFO: Initializing ProtocolHandler ["http-apr-8080"]
ιπε 28, 2017 12:41:35 AM org.apache.coyote.AbstractProtocol init
INFO: Initializing ProtocolHandler ["ajp-apr-8009"]
ιπε 28, 2017 12:41:35 AM org.apache.catalina.startup.Catalina load
INFO: Initialization processed in 759 ms
ιπε 28, 2017 12:41:35 AM org.apache.catalina.core.StandardService startInternal
INFO: Starting service Catalina
ιπε 28, 2017 12:41:35 AM org.apache.catalina.core.StandardEngine startInternal
INFO: Starting Servlet Engine: Apache Tomcat/7.0.40
ιπε 28, 2017 12:41:35 AM org.apache.catalina.startup.HostConfig deployWAR
INFO: Deploying web application archive C:\aviad\projects\java\Java and Internet course\examples\Online Chat V2\3rd\apache-tomcat-7.0.40\webapps\chat.war
ιπε 28, 2017 12:41:35 AM org.apache.catalina.startup.HostConfig deployWAR
INFO: Deploying web application archive C:\aviad\projects\java\Java and Internet course\examples\Online Chat V2\3rd\apache-tomcat-7.0.40\webapps\gridler.war
ιπε 28, 2017 12:41:35 AM org.apache.catalina.startup.HostConfig deployDirectory
INFO: Deploying web application directory C:\aviad\projects\java\Java and Internet course\examples\Online Chat V2\3rd\apache-tomcat-7.0.40\webapps\docs
ιπε 28, 2017 12:41:35 AM org.apache.catalina.startup.HostConfig deployDirectory
INFO: Deploying web application directory C:\aviad\projects\java\Java and Internet course\examples\Online Chat V2\3rd\apache-tomcat-7.0.40\webapps\examples
ιπε 28, 2017 12:41:36 AM org.apache.catalina.startup.HostConfig deployDirectory
INFO: Deploying web application directory C:\aviad\projects\java\Java and Internet course\examples\Online Chat V2\3rd\apache-tomcat-7.0.40\webapps\host-manager
ιπε 28, 2017 12:41:36 AM org.apache.catalina.startup.HostConfig deployDirectory
INFO: Deploying web application directory C:\aviad\projects\java\Java and Internet course\examples\Online Chat V2\3rd\apache-tomcat-7.0.40\webapps\manager
ιπε 28, 2017 12:41:36 AM org.apache.catalina.startup.HostConfig deployDirectory
INFO: Deploying web application directory C:\aviad\projects\java\Java and Internet course\examples\Online Chat V2\3rd\apache-tomcat-7.0.40\webapps\ROOT
ιπε 28, 2017 12:41:36 AM org.apache.coyote.AbstractProtocol start
INFO: Starting ProtocolHandler ["http-apr-8080"]
ιπε 28, 2017 12:41:36 AM org.apache.coyote.AbstractProtocol start
INFO: Starting ProtocolHandler ["ajp-apr-8009"]
ιπε 28, 2017 12:41:36 AM org.apache.catalina.startup.Catalina start
INFO: Server startup in 598 ms
ιπε 28, 2017 12:46:46 AM org.apache.catalina.core.AprLifecycleListener init
INFO: Loaded APR based Apache Tomcat Native library 1.1.27 using APR version 1.4.6.
ιπε 28, 2017 12:46:46 AM org.apache.catalina.core.AprLifecycleListener init
INFO: APR capabilities: IPv6 [true], sendfile [true], accept filters [false], random [true].
ιπε 28, 2017 12:46:46 AM org.apache.catalina.core.AprLifecycleListener initializeSSL
INFO: OpenSSL successfully initialized (OpenSSL 1.0.1d 5 Feb 2013)
ιπε 28, 2017 12:46:46 AM org.apache.coyote.AbstractProtocol init
INFO: Initializing ProtocolHandler ["http-apr-8080"]
ιπε 28, 2017 12:46:46 AM org.apache.coyote.AbstractProtocol init
INFO: Initializing ProtocolHandler ["ajp-apr-8009"]
ιπε 28, 2017 12:46:46 AM org.apache.catalina.startup.Catalina load
INFO: Initialization processed in 887 ms
ιπε 28, 2017 12:46:46 AM org.apache.catalina.core.StandardService startInternal
INFO: Starting service Catalina
ιπε 28, 2017 12:46:46 AM org.apache.catalina.core.StandardEngine startInternal
INFO: Starting Servlet Engine: Apache Tomcat/7.0.40
ιπε 28, 2017 12:46:46 AM org.apache.catalina.startup.HostConfig deployWAR
INFO: Deploying web application archive C:\aviad\projects\java\Java and Internet course\examples\Online Chat V2\3rd\apache-tomcat-7.0.40\webapps\chat.war
ιπε 28, 2017 12:46:47 AM org.apache.catalina.startup.HostConfig deployWAR
INFO: Deploying web application archive C:\aviad\projects\java\Java and Internet course\examples\Online Chat V2\3rd\apache-tomcat-7.0.40\webapps\gridler.war
ιπε 28, 2017 12:46:47 AM org.apache.catalina.startup.HostConfig deployDirectory
INFO: Deploying web application directory C:\aviad\projects\java\Java and Internet course\examples\Online Chat V2\3rd\apache-tomcat-7.0.40\webapps\docs
ιπε 28, 2017 12:46:47 AM org.apache.catalina.startup.HostConfig deployDirectory
INFO: Deploying web application directory C:\aviad\projects\java\Java and Internet course\examples\Online Chat V2\3rd\apache-tomcat-7.0.40\webapps\examples
ιπε 28, 2017 12:46:47 AM org.apache.catalina.startup.HostConfig deployDirectory
INFO: Deploying web application directory C:\aviad\projects\java\Java and Internet course\examples\Online Chat V2\3rd\apache-tomcat-7.0.40\webapps\host-manager
ιπε 28, 2017 12:46:47 AM org.apache.catalina.startup.HostConfig deployDirectory
INFO: Deploying web application directory C:\aviad\projects\java\Java and Internet course\examples\Online Chat V2\3rd\apache-tomcat-7.0.40\webapps\manager
ιπε 28, 2017 12:46:47 AM org.apache.catalina.startup.HostConfig deployDirectory
INFO: Deploying web application directory C:\aviad\projects\java\Java and Internet course\examples\Online Chat V2\3rd\apache-tomcat-7.0.40\webapps\ROOT
ιπε 28, 2017 12:46:47 AM org.apache.coyote.AbstractProtocol start
INFO: Starting ProtocolHandler ["http-apr-8080"]
ιπε 28, 2017 12:46:47 AM org.apache.coyote.AbstractProtocol start
INFO: Starting ProtocolHandler ["ajp-apr-8009"]
ιπε 28, 2017 12:46:47 AM org.apache.catalina.startup.Catalina start
INFO: Server startup in 745 ms
ιπε 28, 2017 12:52:32 AM org.apache.catalina.core.AprLifecycleListener init
INFO: Loaded APR based Apache Tomcat Native library 1.1.27 using APR version 1.4.6.
ιπε 28, 2017 12:52:32 AM org.apache.catalina.core.AprLifecycleListener init
INFO: APR capabilities: IPv6 [true], sendfile [true], accept filters [false], random [true].
ιπε 28, 2017 12:52:32 AM org.apache.catalina.core.AprLifecycleListener initializeSSL
INFO: OpenSSL successfully initialized (OpenSSL 1.0.1d 5 Feb 2013)
ιπε 28, 2017 12:52:32 AM org.apache.coyote.AbstractProtocol init
INFO: Initializing ProtocolHandler ["http-apr-8080"]
ιπε 28, 2017 12:52:32 AM org.apache.coyote.AbstractProtocol init
INFO: Initializing ProtocolHandler ["ajp-apr-8009"]
ιπε 28, 2017 12:52:32 AM org.apache.catalina.startup.Catalina load
INFO: Initialization processed in 774 ms
ιπε 28, 2017 12:52:32 AM org.apache.catalina.core.StandardService startInternal
INFO: Starting service Catalina
ιπε 28, 2017 12:52:32 AM org.apache.catalina.core.StandardEngine startInternal
INFO: Starting Servlet Engine: Apache Tomcat/7.0.40
ιπε 28, 2017 12:52:32 AM org.apache.catalina.startup.HostConfig deployWAR
INFO: Deploying web application archive C:\aviad\projects\java\Java and Internet course\examples\Online Chat V2\3rd\apache-tomcat-7.0.40\webapps\chat.war
ιπε 28, 2017 12:52:33 AM org.apache.catalina.startup.HostConfig deployWAR
INFO: Deploying web application archive C:\aviad\projects\java\Java and Internet course\examples\Online Chat V2\3rd\apache-tomcat-7.0.40\webapps\gridler.war
ιπε 28, 2017 12:52:33 AM org.apache.catalina.startup.HostConfig deployDirectory
INFO: Deploying web application directory C:\aviad\projects\java\Java and Internet course\examples\Online Chat V2\3rd\apache-tomcat-7.0.40\webapps\docs
ιπε 28, 2017 12:52:33 AM org.apache.catalina.startup.HostConfig deployDirectory
INFO: Deploying web application directory C:\aviad\projects\java\Java and Internet course\examples\Online Chat V2\3rd\apache-tomcat-7.0.40\webapps\examples
ιπε 28, 2017 12:52:33 AM org.apache.catalina.startup.HostConfig deployDirectory
INFO: Deploying web application directory C:\aviad\projects\java\Java and Internet course\examples\Online Chat V2\3rd\apache-tomcat-7.0.40\webapps\host-manager
ιπε 28, 2017 12:52:33 AM org.apache.catalina.startup.HostConfig deployDirectory
INFO: Deploying web application directory C:\aviad\projects\java\Java and Internet course\examples\Online Chat V2\3rd\apache-tomcat-7.0.40\webapps\manager
ιπε 28, 2017 12:52:33 AM org.apache.catalina.startup.HostConfig deployDirectory
INFO: Deploying web application directory C:\aviad\projects\java\Java and Internet course\examples\Online Chat V2\3rd\apache-tomcat-7.0.40\webapps\ROOT
ιπε 28, 2017 12:52:33 AM org.apache.coyote.AbstractProtocol start
INFO: Starting ProtocolHandler ["http-apr-8080"]
ιπε 28, 2017 12:52:33 AM org.apache.coyote.AbstractProtocol start
INFO: Starting ProtocolHandler ["ajp-apr-8009"]
ιπε 28, 2017 12:52:33 AM org.apache.catalina.startup.Catalina start
INFO: Server startup in 662 ms
ιπε 28, 2017 1:04:10 AM org.apache.catalina.core.AprLifecycleListener init
INFO: Loaded APR based Apache Tomcat Native library 1.1.27 using APR version 1.4.6.
ιπε 28, 2017 1:04:10 AM org.apache.catalina.core.AprLifecycleListener init
INFO: APR capabilities: IPv6 [true], sendfile [true], accept filters [false], random [true].
ιπε 28, 2017 1:04:10 AM org.apache.catalina.core.AprLifecycleListener initializeSSL
INFO: OpenSSL successfully initialized (OpenSSL 1.0.1d 5 Feb 2013)
ιπε 28, 2017 1:04:10 AM org.apache.coyote.AbstractProtocol init
INFO: Initializing ProtocolHandler ["http-apr-8080"]
ιπε 28, 2017 1:04:10 AM org.apache.coyote.AbstractProtocol init
INFO: Initializing ProtocolHandler ["ajp-apr-8009"]
ιπε 28, 2017 1:04:10 AM org.apache.catalina.startup.Catalina load
INFO: Initialization processed in 778 ms
ιπε 28, 2017 1:04:10 AM org.apache.catalina.core.StandardService startInternal
INFO: Starting service Catalina
ιπε 28, 2017 1:04:10 AM org.apache.catalina.core.StandardEngine startInternal
INFO: Starting Servlet Engine: Apache Tomcat/7.0.40
ιπε 28, 2017 1:04:10 AM org.apache.catalina.startup.HostConfig deployWAR
INFO: Deploying web application archive C:\aviad\projects\java\Java and Internet course\examples\Online Chat V2\3rd\apache-tomcat-7.0.40\webapps\chat.war
ιπε 28, 2017 1:04:11 AM org.apache.catalina.startup.HostConfig deployWAR
INFO: Deploying web application archive C:\aviad\projects\java\Java and Internet course\examples\Online Chat V2\3rd\apache-tomcat-7.0.40\webapps\gridler.war
ιπε 28, 2017 1:04:11 AM org.apache.catalina.startup.HostConfig deployDirectory
INFO: Deploying web application directory C:\aviad\projects\java\Java and Internet course\examples\Online Chat V2\3rd\apache-tomcat-7.0.40\webapps\docs
ιπε 28, 2017 1:04:11 AM org.apache.catalina.startup.HostConfig deployDirectory
INFO: Deploying web application directory C:\aviad\projects\java\Java and Internet course\examples\Online Chat V2\3rd\apache-tomcat-7.0.40\webapps\examples
ιπε 28, 2017 1:04:11 AM org.apache.catalina.startup.HostConfig deployDirectory
INFO: Deploying web application directory C:\aviad\projects\java\Java and Internet course\examples\Online Chat V2\3rd\apache-tomcat-7.0.40\webapps\host-manager
ιπε 28, 2017 1:04:11 AM org.apache.catalina.startup.HostConfig deployDirectory
INFO: Deploying web application directory C:\aviad\projects\java\Java and Internet course\examples\Online Chat V2\3rd\apache-tomcat-7.0.40\webapps\manager
ιπε 28, 2017 1:04:11 AM org.apache.catalina.startup.HostConfig deployDirectory
INFO: Deploying web application directory C:\aviad\projects\java\Java and Internet course\examples\Online Chat V2\3rd\apache-tomcat-7.0.40\webapps\ROOT
ιπε 28, 2017 1:04:11 AM org.apache.coyote.AbstractProtocol start
INFO: Starting ProtocolHandler ["http-apr-8080"]
ιπε 28, 2017 1:04:11 AM org.apache.coyote.AbstractProtocol start
INFO: Starting ProtocolHandler ["ajp-apr-8009"]
ιπε 28, 2017 1:04:11 AM org.apache.catalina.startup.Catalina start
INFO: Server startup in 618 ms
ιπε 28, 2017 1:14:14 AM org.apache.catalina.core.AprLifecycleListener init
INFO: Loaded APR based Apache Tomcat Native library 1.1.27 using APR version 1.4.6.
ιπε 28, 2017 1:14:14 AM org.apache.catalina.core.AprLifecycleListener init
INFO: APR capabilities: IPv6 [true], sendfile [true], accept filters [false], random [true].
ιπε 28, 2017 1:14:14 AM org.apache.catalina.core.AprLifecycleListener initializeSSL
INFO: OpenSSL successfully initialized (OpenSSL 1.0.1d 5 Feb 2013)
ιπε 28, 2017 1:14:14 AM org.apache.coyote.AbstractProtocol init
INFO: Initializing ProtocolHandler ["http-apr-8080"]
ιπε 28, 2017 1:14:14 AM org.apache.coyote.AbstractProtocol init
INFO: Initializing ProtocolHandler ["ajp-apr-8009"]
ιπε 28, 2017 1:14:14 AM org.apache.catalina.startup.Catalina load
INFO: Initialization processed in 773 ms
ιπε 28, 2017 1:14:14 AM org.apache.catalina.core.StandardService startInternal
INFO: Starting service Catalina
ιπε 28, 2017 1:14:14 AM org.apache.catalina.core.StandardEngine startInternal
INFO: Starting Servlet Engine: Apache Tomcat/7.0.40
ιπε 28, 2017 1:14:14 AM org.apache.catalina.startup.HostConfig deployWAR
INFO: Deploying web application archive C:\aviad\projects\java\Java and Internet course\examples\Online Chat V2\3rd\apache-tomcat-7.0.40\webapps\chat.war
ιπε 28, 2017 1:14:15 AM org.apache.catalina.startup.HostConfig deployWAR
INFO: Deploying web application archive C:\aviad\projects\java\Java and Internet course\examples\Online Chat V2\3rd\apache-tomcat-7.0.40\webapps\gridler.war
ιπε 28, 2017 1:14:15 AM org.apache.catalina.startup.HostConfig deployDirectory
INFO: Deploying web application directory C:\aviad\projects\java\Java and Internet course\examples\Online Chat V2\3rd\apache-tomcat-7.0.40\webapps\docs
ιπε 28, 2017 1:14:15 AM org.apache.catalina.startup.HostConfig deployDirectory
INFO: Deploying web application directory C:\aviad\projects\java\Java and Internet course\examples\Online Chat V2\3rd\apache-tomcat-7.0.40\webapps\examples
ιπε 28, 2017 1:14:15 AM org.apache.catalina.startup.HostConfig deployDirectory
INFO: Deploying web application directory C:\aviad\projects\java\Java and Internet course\examples\Online Chat V2\3rd\apache-tomcat-7.0.40\webapps\host-manager
ιπε 28, 2017 1:14:15 AM org.apache.catalina.startup.HostConfig deployDirectory
INFO: Deploying web application directory C:\aviad\projects\java\Java and Internet course\examples\Online Chat V2\3rd\apache-tomcat-7.0.40\webapps\manager
ιπε 28, 2017 1:14:15 AM org.apache.catalina.startup.HostConfig deployDirectory
INFO: Deploying web application directory C:\aviad\projects\java\Java and Internet course\examples\Online Chat V2\3rd\apache-tomcat-7.0.40\webapps\ROOT
ιπε 28, 2017 1:14:15 AM org.apache.coyote.AbstractProtocol start
INFO: Starting ProtocolHandler ["http-apr-8080"]
ιπε 28, 2017 1:14:15 AM org.apache.coyote.AbstractProtocol start
INFO: Starting ProtocolHandler ["ajp-apr-8009"]
ιπε 28, 2017 1:14:15 AM org.apache.catalina.startup.Catalina start
INFO: Server startup in 694 ms
