реб 13, 2017 8:34:44 PM org.apache.catalina.core.AprLifecycleListener init
INFO: Loaded APR based Apache Tomcat Native library 1.1.27 using APR version 1.4.6.
реб 13, 2017 8:34:44 PM org.apache.catalina.core.AprLifecycleListener init
INFO: APR capabilities: IPv6 [true], sendfile [true], accept filters [false], random [true].
реб 13, 2017 8:34:46 PM org.apache.catalina.core.AprLifecycleListener initializeSSL
INFO: OpenSSL successfully initialized (OpenSSL 1.0.1d 5 Feb 2013)
реб 13, 2017 8:34:48 PM org.apache.coyote.AbstractProtocol init
INFO: Initializing ProtocolHandler ["http-apr-8080"]
реб 13, 2017 8:34:48 PM org.apache.coyote.AbstractProtocol init
INFO: Initializing ProtocolHandler ["ajp-apr-8009"]
реб 13, 2017 8:34:48 PM org.apache.catalina.startup.Catalina load
INFO: Initialization processed in 4992 ms
реб 13, 2017 8:34:48 PM org.apache.catalina.core.StandardService startInternal
INFO: Starting service Catalina
реб 13, 2017 8:34:48 PM org.apache.catalina.core.StandardEngine startInternal
INFO: Starting Servlet Engine: Apache Tomcat/7.0.40
реб 13, 2017 8:34:48 PM org.apache.catalina.startup.HostConfig deployWAR
INFO: Deploying web application archive C:\Users\or\IdeaProjects\BattleShip\BattleShipGame\3rd\apache-tomcat-7.0.40\webapps\battleShipWebApp.war
реб 13, 2017 8:34:51 PM org.apache.catalina.util.SessionIdGenerator createSecureRandom
INFO: Creation of SecureRandom instance for session ID generation using [SHA1PRNG] took [113] milliseconds.
реб 13, 2017 8:34:51 PM org.apache.catalina.startup.HostConfig deployDirectory
INFO: Deploying web application directory C:\Users\or\IdeaProjects\BattleShip\BattleShipGame\3rd\apache-tomcat-7.0.40\webapps\docs
реб 13, 2017 8:34:51 PM org.apache.catalina.startup.HostConfig deployDirectory
INFO: Deploying web application directory C:\Users\or\IdeaProjects\BattleShip\BattleShipGame\3rd\apache-tomcat-7.0.40\webapps\examples
реб 13, 2017 8:34:52 PM org.apache.catalina.startup.HostConfig deployDirectory
INFO: Deploying web application directory C:\Users\or\IdeaProjects\BattleShip\BattleShipGame\3rd\apache-tomcat-7.0.40\webapps\host-manager
реб 13, 2017 8:34:52 PM org.apache.catalina.startup.HostConfig deployDirectory
INFO: Deploying web application directory C:\Users\or\IdeaProjects\BattleShip\BattleShipGame\3rd\apache-tomcat-7.0.40\webapps\manager
реб 13, 2017 8:34:52 PM org.apache.catalina.startup.HostConfig deployDirectory
INFO: Deploying web application directory C:\Users\or\IdeaProjects\BattleShip\BattleShipGame\3rd\apache-tomcat-7.0.40\webapps\ROOT
реб 13, 2017 8:34:52 PM org.apache.coyote.AbstractProtocol start
INFO: Starting ProtocolHandler ["http-apr-8080"]
реб 13, 2017 8:34:52 PM org.apache.coyote.AbstractProtocol start
INFO: Starting ProtocolHandler ["ajp-apr-8009"]
реб 13, 2017 8:34:52 PM org.apache.catalina.startup.Catalina start
INFO: Server startup in 4387 ms
реб 13, 2017 8:34:55 PM org.apache.catalina.core.StandardServer await
INFO: A valid shutdown command was received via the shutdown port. Stopping the Server instance.
реб 13, 2017 8:34:55 PM org.apache.coyote.AbstractProtocol pause
INFO: Pausing ProtocolHandler ["http-apr-8080"]
реб 13, 2017 8:34:55 PM org.apache.coyote.AbstractProtocol pause
INFO: Pausing ProtocolHandler ["ajp-apr-8009"]
реб 13, 2017 8:34:56 PM org.apache.catalina.core.StandardService stopInternal
INFO: Stopping service Catalina
реб 13, 2017 8:34:56 PM org.apache.coyote.AbstractProtocol stop
INFO: Stopping ProtocolHandler ["http-apr-8080"]
реб 13, 2017 8:34:56 PM org.apache.coyote.AbstractProtocol stop
INFO: Stopping ProtocolHandler ["ajp-apr-8009"]
реб 13, 2017 8:34:56 PM org.apache.coyote.AbstractProtocol destroy
INFO: Destroying ProtocolHandler ["http-apr-8080"]
реб 13, 2017 8:34:56 PM org.apache.coyote.AbstractProtocol destroy
INFO: Destroying ProtocolHandler ["ajp-apr-8009"]
реб 13, 2017 8:34:58 PM org.apache.catalina.core.AprLifecycleListener init
INFO: Loaded APR based Apache Tomcat Native library 1.1.27 using APR version 1.4.6.
реб 13, 2017 8:34:58 PM org.apache.catalina.core.AprLifecycleListener init
INFO: APR capabilities: IPv6 [true], sendfile [true], accept filters [false], random [true].
реб 13, 2017 8:34:59 PM org.apache.catalina.core.AprLifecycleListener initializeSSL
INFO: OpenSSL successfully initialized (OpenSSL 1.0.1d 5 Feb 2013)
реб 13, 2017 8:34:59 PM org.apache.coyote.AbstractProtocol init
INFO: Initializing ProtocolHandler ["http-apr-8080"]
реб 13, 2017 8:34:59 PM org.apache.coyote.AbstractProtocol init
INFO: Initializing ProtocolHandler ["ajp-apr-8009"]
реб 13, 2017 8:34:59 PM org.apache.catalina.startup.Catalina load
INFO: Initialization processed in 1455 ms
реб 13, 2017 8:34:59 PM org.apache.catalina.core.StandardService startInternal
INFO: Starting service Catalina
реб 13, 2017 8:34:59 PM org.apache.catalina.core.StandardEngine startInternal
INFO: Starting Servlet Engine: Apache Tomcat/7.0.40
реб 13, 2017 8:34:59 PM org.apache.catalina.startup.HostConfig deployWAR
INFO: Deploying web application archive C:\Users\or\IdeaProjects\BattleShip\BattleShipGame\3rd\apache-tomcat-7.0.40\webapps\battleShipWebApp.war
реб 13, 2017 8:35:00 PM org.apache.catalina.util.SessionIdGenerator createSecureRandom
INFO: Creation of SecureRandom instance for session ID generation using [SHA1PRNG] took [114] milliseconds.
реб 13, 2017 8:35:00 PM org.apache.catalina.startup.HostConfig deployDirectory
INFO: Deploying web application directory C:\Users\or\IdeaProjects\BattleShip\BattleShipGame\3rd\apache-tomcat-7.0.40\webapps\docs
реб 13, 2017 8:35:00 PM org.apache.catalina.startup.HostConfig deployDirectory
INFO: Deploying web application directory C:\Users\or\IdeaProjects\BattleShip\BattleShipGame\3rd\apache-tomcat-7.0.40\webapps\examples
реб 13, 2017 8:35:00 PM org.apache.catalina.startup.HostConfig deployDirectory
INFO: Deploying web application directory C:\Users\or\IdeaProjects\BattleShip\BattleShipGame\3rd\apache-tomcat-7.0.40\webapps\host-manager
реб 13, 2017 8:35:00 PM org.apache.catalina.startup.HostConfig deployDirectory
INFO: Deploying web application directory C:\Users\or\IdeaProjects\BattleShip\BattleShipGame\3rd\apache-tomcat-7.0.40\webapps\manager
реб 13, 2017 8:35:01 PM org.apache.catalina.startup.HostConfig deployDirectory
INFO: Deploying web application directory C:\Users\or\IdeaProjects\BattleShip\BattleShipGame\3rd\apache-tomcat-7.0.40\webapps\ROOT
реб 13, 2017 8:35:01 PM org.apache.coyote.AbstractProtocol start
INFO: Starting ProtocolHandler ["http-apr-8080"]
реб 13, 2017 8:35:01 PM org.apache.coyote.AbstractProtocol start
INFO: Starting ProtocolHandler ["ajp-apr-8009"]
реб 13, 2017 8:35:01 PM org.apache.catalina.startup.Catalina start
INFO: Server startup in 1299 ms
реб 13, 2017 8:35:45 PM org.apache.catalina.core.StandardServer await
INFO: A valid shutdown command was received via the shutdown port. Stopping the Server instance.
реб 13, 2017 8:35:45 PM org.apache.coyote.AbstractProtocol pause
INFO: Pausing ProtocolHandler ["http-apr-8080"]
реб 13, 2017 8:35:45 PM org.apache.coyote.AbstractProtocol pause
INFO: Pausing ProtocolHandler ["ajp-apr-8009"]
реб 13, 2017 8:35:45 PM org.apache.catalina.core.StandardService stopInternal
INFO: Stopping service Catalina
реб 13, 2017 8:35:45 PM org.apache.coyote.AbstractProtocol stop
INFO: Stopping ProtocolHandler ["http-apr-8080"]
реб 13, 2017 8:35:45 PM org.apache.coyote.AbstractProtocol stop
INFO: Stopping ProtocolHandler ["ajp-apr-8009"]
реб 13, 2017 8:35:45 PM org.apache.coyote.AbstractProtocol destroy
INFO: Destroying ProtocolHandler ["http-apr-8080"]
реб 13, 2017 8:35:45 PM org.apache.coyote.AbstractProtocol destroy
INFO: Destroying ProtocolHandler ["ajp-apr-8009"]
