ιπε 30, 2017 12:02:18 AM org.apache.catalina.core.AprLifecycleListener init
INFO: Loaded APR based Apache Tomcat Native library 1.1.27 using APR version 1.4.6.
ιπε 30, 2017 12:02:18 AM org.apache.catalina.core.AprLifecycleListener init
INFO: APR capabilities: IPv6 [true], sendfile [true], accept filters [false], random [true].
ιπε 30, 2017 12:02:19 AM org.apache.catalina.core.AprLifecycleListener initializeSSL
INFO: OpenSSL successfully initialized (OpenSSL 1.0.1d 5 Feb 2013)
ιπε 30, 2017 12:02:19 AM org.apache.coyote.AbstractProtocol init
INFO: Initializing ProtocolHandler ["http-apr-8080"]
ιπε 30, 2017 12:02:19 AM org.apache.coyote.AbstractProtocol init
INFO: Initializing ProtocolHandler ["ajp-apr-8009"]
ιπε 30, 2017 12:02:19 AM org.apache.catalina.startup.Catalina load
INFO: Initialization processed in 977 ms
ιπε 30, 2017 12:02:19 AM org.apache.catalina.core.StandardService startInternal
INFO: Starting service Catalina
ιπε 30, 2017 12:02:19 AM org.apache.catalina.core.StandardEngine startInternal
INFO: Starting Servlet Engine: Apache Tomcat/7.0.40
ιπε 30, 2017 12:02:19 AM org.apache.catalina.startup.HostConfig deployWAR
INFO: Deploying web application archive C:\aviad\projects\java\Java and Internet course\examples\Online Chat V2\3rd\apache-tomcat-7.0.40\webapps\gridler.war
ιπε 30, 2017 12:02:19 AM org.apache.catalina.startup.HostConfig deployWAR
INFO: Deploying web application archive C:\aviad\projects\java\Java and Internet course\examples\Online Chat V2\3rd\apache-tomcat-7.0.40\webapps\HelloWorldWarArchive.war
ιπε 30, 2017 12:02:19 AM org.apache.catalina.startup.HostConfig deployDirectory
INFO: Deploying web application directory C:\aviad\projects\java\Java and Internet course\examples\Online Chat V2\3rd\apache-tomcat-7.0.40\webapps\docs
ιπε 30, 2017 12:02:19 AM org.apache.catalina.startup.HostConfig deployDirectory
INFO: Deploying web application directory C:\aviad\projects\java\Java and Internet course\examples\Online Chat V2\3rd\apache-tomcat-7.0.40\webapps\examples
ιπε 30, 2017 12:02:19 AM org.apache.catalina.startup.HostConfig deployDirectory
INFO: Deploying web application directory C:\aviad\projects\java\Java and Internet course\examples\Online Chat V2\3rd\apache-tomcat-7.0.40\webapps\host-manager
ιπε 30, 2017 12:02:19 AM org.apache.catalina.startup.HostConfig deployDirectory
INFO: Deploying web application directory C:\aviad\projects\java\Java and Internet course\examples\Online Chat V2\3rd\apache-tomcat-7.0.40\webapps\manager
ιπε 30, 2017 12:02:20 AM org.apache.catalina.startup.HostConfig deployDirectory
INFO: Deploying web application directory C:\aviad\projects\java\Java and Internet course\examples\Online Chat V2\3rd\apache-tomcat-7.0.40\webapps\ROOT
ιπε 30, 2017 12:02:20 AM org.apache.coyote.AbstractProtocol start
INFO: Starting ProtocolHandler ["http-apr-8080"]
ιπε 30, 2017 12:02:20 AM org.apache.coyote.AbstractProtocol start
INFO: Starting ProtocolHandler ["ajp-apr-8009"]
ιπε 30, 2017 12:02:20 AM org.apache.catalina.startup.Catalina start
INFO: Server startup in 701 ms
