аеч 20, 2016 6:52:57 PM org.apache.catalina.core.AprLifecycleListener init
INFO: Loaded APR based Apache Tomcat Native library 1.1.27 using APR version 1.4.6.
аеч 20, 2016 6:52:57 PM org.apache.catalina.core.AprLifecycleListener init
INFO: APR capabilities: IPv6 [true], sendfile [true], accept filters [false], random [true].
аеч 20, 2016 6:52:58 PM org.apache.catalina.core.AprLifecycleListener initializeSSL
INFO: OpenSSL successfully initialized (OpenSSL 1.0.1d 5 Feb 2013)
аеч 20, 2016 6:52:58 PM org.apache.coyote.AbstractProtocol init
INFO: Initializing ProtocolHandler ["http-apr-8080"]
аеч 20, 2016 6:52:58 PM org.apache.coyote.AbstractProtocol init
INFO: Initializing ProtocolHandler ["ajp-apr-8009"]
аеч 20, 2016 6:52:58 PM org.apache.catalina.startup.Catalina load
INFO: Initialization processed in 1218 ms
аеч 20, 2016 6:52:58 PM org.apache.catalina.core.StandardService startInternal
INFO: Starting service Catalina
аеч 20, 2016 6:52:58 PM org.apache.catalina.core.StandardEngine startInternal
INFO: Starting Servlet Engine: Apache Tomcat/7.0.40
аеч 20, 2016 6:52:58 PM org.apache.catalina.startup.HostConfig deployWAR
INFO: Deploying web application archive C:\aviad\projects\java\Java and Internet course\examples\Online Chat\apache-tomcat-7.0.40\webapps\chat.war
аеч 20, 2016 6:52:58 PM org.apache.catalina.startup.HostConfig deployDirectory
INFO: Deploying web application directory C:\aviad\projects\java\Java and Internet course\examples\Online Chat\apache-tomcat-7.0.40\webapps\docs
аеч 20, 2016 6:52:59 PM org.apache.catalina.startup.HostConfig deployDirectory
INFO: Deploying web application directory C:\aviad\projects\java\Java and Internet course\examples\Online Chat\apache-tomcat-7.0.40\webapps\examples
аеч 20, 2016 6:52:59 PM org.apache.catalina.startup.HostConfig deployDirectory
INFO: Deploying web application directory C:\aviad\projects\java\Java and Internet course\examples\Online Chat\apache-tomcat-7.0.40\webapps\host-manager
аеч 20, 2016 6:52:59 PM org.apache.catalina.startup.HostConfig deployDirectory
INFO: Deploying web application directory C:\aviad\projects\java\Java and Internet course\examples\Online Chat\apache-tomcat-7.0.40\webapps\manager
аеч 20, 2016 6:52:59 PM org.apache.catalina.startup.HostConfig deployDirectory
INFO: Deploying web application directory C:\aviad\projects\java\Java and Internet course\examples\Online Chat\apache-tomcat-7.0.40\webapps\ROOT
аеч 20, 2016 6:52:59 PM org.apache.coyote.AbstractProtocol start
INFO: Starting ProtocolHandler ["http-apr-8080"]
аеч 20, 2016 6:52:59 PM org.apache.coyote.AbstractProtocol start
INFO: Starting ProtocolHandler ["ajp-apr-8009"]
аеч 20, 2016 6:52:59 PM org.apache.catalina.startup.Catalina start
INFO: Server startup in 803 ms
аеч 20, 2016 7:30:39 PM org.apache.catalina.core.AprLifecycleListener init
INFO: Loaded APR based Apache Tomcat Native library 1.1.27 using APR version 1.4.6.
аеч 20, 2016 7:30:39 PM org.apache.catalina.core.AprLifecycleListener init
INFO: APR capabilities: IPv6 [true], sendfile [true], accept filters [false], random [true].
аеч 20, 2016 7:30:39 PM org.apache.catalina.core.AprLifecycleListener initializeSSL
INFO: OpenSSL successfully initialized (OpenSSL 1.0.1d 5 Feb 2013)
аеч 20, 2016 7:30:40 PM org.apache.coyote.AbstractProtocol init
INFO: Initializing ProtocolHandler ["http-apr-8080"]
аеч 20, 2016 7:30:40 PM org.apache.coyote.AbstractProtocol init
INFO: Initializing ProtocolHandler ["ajp-apr-8009"]
аеч 20, 2016 7:30:40 PM org.apache.catalina.startup.Catalina load
INFO: Initialization processed in 962 ms
аеч 20, 2016 7:30:40 PM org.apache.catalina.core.StandardService startInternal
INFO: Starting service Catalina
аеч 20, 2016 7:30:40 PM org.apache.catalina.core.StandardEngine startInternal
INFO: Starting Servlet Engine: Apache Tomcat/7.0.40
аеч 20, 2016 7:30:40 PM org.apache.catalina.startup.HostConfig deployWAR
INFO: Deploying web application archive C:\aviad\projects\java\Java and Internet course\examples\Online Chat\apache-tomcat-7.0.40\webapps\chat.war
аеч 20, 2016 7:30:40 PM org.apache.catalina.startup.HostConfig deployDirectory
INFO: Deploying web application directory C:\aviad\projects\java\Java and Internet course\examples\Online Chat\apache-tomcat-7.0.40\webapps\docs
аеч 20, 2016 7:30:40 PM org.apache.catalina.startup.HostConfig deployDirectory
INFO: Deploying web application directory C:\aviad\projects\java\Java and Internet course\examples\Online Chat\apache-tomcat-7.0.40\webapps\examples
аеч 20, 2016 7:30:40 PM org.apache.catalina.startup.HostConfig deployDirectory
INFO: Deploying web application directory C:\aviad\projects\java\Java and Internet course\examples\Online Chat\apache-tomcat-7.0.40\webapps\host-manager
аеч 20, 2016 7:30:40 PM org.apache.catalina.startup.HostConfig deployDirectory
INFO: Deploying web application directory C:\aviad\projects\java\Java and Internet course\examples\Online Chat\apache-tomcat-7.0.40\webapps\manager
аеч 20, 2016 7:30:40 PM org.apache.catalina.startup.HostConfig deployDirectory
INFO: Deploying web application directory C:\aviad\projects\java\Java and Internet course\examples\Online Chat\apache-tomcat-7.0.40\webapps\ROOT
аеч 20, 2016 7:30:40 PM org.apache.coyote.AbstractProtocol start
INFO: Starting ProtocolHandler ["http-apr-8080"]
аеч 20, 2016 7:30:40 PM org.apache.coyote.AbstractProtocol start
INFO: Starting ProtocolHandler ["ajp-apr-8009"]
аеч 20, 2016 7:30:40 PM org.apache.catalina.startup.Catalina start
INFO: Server startup in 578 ms
