реб 13, 2017 8:34:52 PM org.apache.catalina.core.ApplicationContext log
INFO: ContextListener: contextInitialized()
реб 13, 2017 8:34:52 PM org.apache.catalina.core.ApplicationContext log
INFO: SessionListener: contextInitialized()
реб 13, 2017 8:34:52 PM org.apache.catalina.core.ApplicationContext log
INFO: ContextListener: attributeAdded('org.apache.jasper.compiler.TldLocationsCache', 'org.apache.jasper.compiler.TldLocationsCache@43b5070')
реб 13, 2017 8:34:56 PM org.apache.catalina.core.ApplicationContext log
INFO: SessionListener: contextDestroyed()
реб 13, 2017 8:34:56 PM org.apache.catalina.core.ApplicationContext log
INFO: ContextListener: contextDestroyed()
реб 13, 2017 8:35:00 PM org.apache.catalina.core.ApplicationContext log
INFO: ContextListener: contextInitialized()
реб 13, 2017 8:35:00 PM org.apache.catalina.core.ApplicationContext log
INFO: SessionListener: contextInitialized()
реб 13, 2017 8:35:00 PM org.apache.catalina.core.ApplicationContext log
INFO: ContextListener: attributeAdded('org.apache.jasper.compiler.TldLocationsCache', 'org.apache.jasper.compiler.TldLocationsCache@72ed19d9')
реб 13, 2017 8:35:45 PM org.apache.catalina.core.ApplicationContext log
INFO: SessionListener: contextDestroyed()
реб 13, 2017 8:35:45 PM org.apache.catalina.core.ApplicationContext log
INFO: ContextListener: contextDestroyed()
