ιπε 28, 2017 12:00:57 AM org.apache.catalina.core.ApplicationContext log
INFO: ContextListener: contextInitialized()
ιπε 28, 2017 12:00:57 AM org.apache.catalina.core.ApplicationContext log
INFO: SessionListener: contextInitialized()
ιπε 28, 2017 12:00:57 AM org.apache.catalina.core.ApplicationContext log
INFO: ContextListener: attributeAdded('org.apache.jasper.compiler.TldLocationsCache', 'org.apache.jasper.compiler.TldLocationsCache@7b7d44be')
ιπε 28, 2017 12:02:41 AM org.apache.catalina.core.ApplicationContext log
INFO: ContextListener: contextInitialized()
ιπε 28, 2017 12:02:41 AM org.apache.catalina.core.ApplicationContext log
INFO: SessionListener: contextInitialized()
ιπε 28, 2017 12:02:41 AM org.apache.catalina.core.ApplicationContext log
INFO: ContextListener: attributeAdded('org.apache.jasper.compiler.TldLocationsCache', 'org.apache.jasper.compiler.TldLocationsCache@72d83224')
ιπε 28, 2017 12:05:24 AM org.apache.catalina.core.ApplicationContext log
INFO: ContextListener: contextInitialized()
ιπε 28, 2017 12:05:24 AM org.apache.catalina.core.ApplicationContext log
INFO: SessionListener: contextInitialized()
ιπε 28, 2017 12:05:24 AM org.apache.catalina.core.ApplicationContext log
INFO: ContextListener: attributeAdded('org.apache.jasper.compiler.TldLocationsCache', 'org.apache.jasper.compiler.TldLocationsCache@1c999fcd')
ιπε 28, 2017 12:16:06 AM org.apache.catalina.core.StandardWrapperValve invoke
SEVERE: Servlet.service() for servlet [LoginServlet] in context with path [/chat] threw exception
java.lang.IllegalArgumentException: Path ../loginerror/login_attempt_after_error.jsp does not start with a "/" character
	at org.apache.catalina.core.ApplicationContext.getRequestDispatcher(ApplicationContext.java:430)
	at org.apache.catalina.core.ApplicationContextFacade.getRequestDispatcher(ApplicationContextFacade.java:223)
	at chat.servlets.LoginServlet.processRequest(LoginServlet.java:60)
	at chat.servlets.LoginServlet.doGet(LoginServlet.java:91)
	at javax.servlet.http.HttpServlet.service(HttpServlet.java:621)
	at javax.servlet.http.HttpServlet.service(HttpServlet.java:728)
	at org.apache.catalina.core.ApplicationFilterChain.internalDoFilter(ApplicationFilterChain.java:305)
	at org.apache.catalina.core.ApplicationFilterChain.doFilter(ApplicationFilterChain.java:210)
	at org.apache.catalina.core.StandardWrapperValve.invoke(StandardWrapperValve.java:222)
	at org.apache.catalina.core.StandardContextValve.invoke(StandardContextValve.java:123)
	at org.apache.catalina.authenticator.AuthenticatorBase.invoke(AuthenticatorBase.java:472)
	at org.apache.catalina.core.StandardHostValve.invoke(StandardHostValve.java:171)
	at org.apache.catalina.valves.ErrorReportValve.invoke(ErrorReportValve.java:99)
	at org.apache.catalina.valves.AccessLogValve.invoke(AccessLogValve.java:953)
	at org.apache.catalina.core.StandardEngineValve.invoke(StandardEngineValve.java:118)
	at org.apache.catalina.connector.CoyoteAdapter.service(CoyoteAdapter.java:408)
	at org.apache.coyote.http11.AbstractHttp11Processor.process(AbstractHttp11Processor.java:1008)
	at org.apache.coyote.AbstractProtocol$AbstractConnectionHandler.process(AbstractProtocol.java:589)
	at org.apache.tomcat.util.net.AprEndpoint$SocketProcessor.run(AprEndpoint.java:1852)
	at java.util.concurrent.ThreadPoolExecutor.runWorker(ThreadPoolExecutor.java:1142)
	at java.util.concurrent.ThreadPoolExecutor$Worker.run(ThreadPoolExecutor.java:617)
	at java.lang.Thread.run(Thread.java:745)

ιπε 28, 2017 12:20:05 AM org.apache.catalina.core.ApplicationContext log
INFO: ContextListener: contextInitialized()
ιπε 28, 2017 12:20:05 AM org.apache.catalina.core.ApplicationContext log
INFO: SessionListener: contextInitialized()
ιπε 28, 2017 12:20:05 AM org.apache.catalina.core.ApplicationContext log
INFO: ContextListener: attributeAdded('org.apache.jasper.compiler.TldLocationsCache', 'org.apache.jasper.compiler.TldLocationsCache@1c999fcd')
ιπε 28, 2017 12:20:49 AM org.apache.catalina.core.StandardWrapperValve invoke
SEVERE: Servlet.service() for servlet [LoginServlet] in context with path [/chat] threw exception
java.lang.NullPointerException
	at chat.servlets.LoginServlet.processRequest(LoginServlet.java:59)
	at chat.servlets.LoginServlet.doGet(LoginServlet.java:90)
	at javax.servlet.http.HttpServlet.service(HttpServlet.java:621)
	at javax.servlet.http.HttpServlet.service(HttpServlet.java:728)
	at org.apache.catalina.core.ApplicationFilterChain.internalDoFilter(ApplicationFilterChain.java:305)
	at org.apache.catalina.core.ApplicationFilterChain.doFilter(ApplicationFilterChain.java:210)
	at org.apache.catalina.core.StandardWrapperValve.invoke(StandardWrapperValve.java:222)
	at org.apache.catalina.core.StandardContextValve.invoke(StandardContextValve.java:123)
	at org.apache.catalina.authenticator.AuthenticatorBase.invoke(AuthenticatorBase.java:472)
	at org.apache.catalina.core.StandardHostValve.invoke(StandardHostValve.java:171)
	at org.apache.catalina.valves.ErrorReportValve.invoke(ErrorReportValve.java:99)
	at org.apache.catalina.valves.AccessLogValve.invoke(AccessLogValve.java:953)
	at org.apache.catalina.core.StandardEngineValve.invoke(StandardEngineValve.java:118)
	at org.apache.catalina.connector.CoyoteAdapter.service(CoyoteAdapter.java:408)
	at org.apache.coyote.http11.AbstractHttp11Processor.process(AbstractHttp11Processor.java:1008)
	at org.apache.coyote.AbstractProtocol$AbstractConnectionHandler.process(AbstractProtocol.java:589)
	at org.apache.tomcat.util.net.AprEndpoint$SocketProcessor.run(AprEndpoint.java:1852)
	at java.util.concurrent.ThreadPoolExecutor.runWorker(ThreadPoolExecutor.java:1142)
	at java.util.concurrent.ThreadPoolExecutor$Worker.run(ThreadPoolExecutor.java:617)
	at java.lang.Thread.run(Thread.java:745)

ιπε 28, 2017 12:26:16 AM org.apache.catalina.core.ApplicationContext log
INFO: ContextListener: contextInitialized()
ιπε 28, 2017 12:26:16 AM org.apache.catalina.core.ApplicationContext log
INFO: SessionListener: contextInitialized()
ιπε 28, 2017 12:26:16 AM org.apache.catalina.core.ApplicationContext log
INFO: ContextListener: attributeAdded('org.apache.jasper.compiler.TldLocationsCache', 'org.apache.jasper.compiler.TldLocationsCache@d26b1b6')
ιπε 28, 2017 12:34:13 AM org.apache.catalina.core.ApplicationContext log
INFO: ContextListener: contextInitialized()
ιπε 28, 2017 12:34:13 AM org.apache.catalina.core.ApplicationContext log
INFO: SessionListener: contextInitialized()
ιπε 28, 2017 12:34:13 AM org.apache.catalina.core.ApplicationContext log
INFO: ContextListener: attributeAdded('org.apache.jasper.compiler.TldLocationsCache', 'org.apache.jasper.compiler.TldLocationsCache@7198286d')
ιπε 28, 2017 12:41:36 AM org.apache.catalina.core.ApplicationContext log
INFO: ContextListener: contextInitialized()
ιπε 28, 2017 12:41:36 AM org.apache.catalina.core.ApplicationContext log
INFO: SessionListener: contextInitialized()
ιπε 28, 2017 12:41:36 AM org.apache.catalina.core.ApplicationContext log
INFO: ContextListener: attributeAdded('org.apache.jasper.compiler.TldLocationsCache', 'org.apache.jasper.compiler.TldLocationsCache@44474b9c')
ιπε 28, 2017 12:46:47 AM org.apache.catalina.core.ApplicationContext log
INFO: ContextListener: contextInitialized()
ιπε 28, 2017 12:46:47 AM org.apache.catalina.core.ApplicationContext log
INFO: SessionListener: contextInitialized()
ιπε 28, 2017 12:46:47 AM org.apache.catalina.core.ApplicationContext log
INFO: ContextListener: attributeAdded('org.apache.jasper.compiler.TldLocationsCache', 'org.apache.jasper.compiler.TldLocationsCache@70470368')
ιπε 28, 2017 12:52:33 AM org.apache.catalina.core.ApplicationContext log
INFO: ContextListener: contextInitialized()
ιπε 28, 2017 12:52:33 AM org.apache.catalina.core.ApplicationContext log
INFO: SessionListener: contextInitialized()
ιπε 28, 2017 12:52:33 AM org.apache.catalina.core.ApplicationContext log
INFO: ContextListener: attributeAdded('org.apache.jasper.compiler.TldLocationsCache', 'org.apache.jasper.compiler.TldLocationsCache@d26b1b6')
ιπε 28, 2017 1:04:11 AM org.apache.catalina.core.ApplicationContext log
INFO: ContextListener: contextInitialized()
ιπε 28, 2017 1:04:11 AM org.apache.catalina.core.ApplicationContext log
INFO: SessionListener: contextInitialized()
ιπε 28, 2017 1:04:11 AM org.apache.catalina.core.ApplicationContext log
INFO: ContextListener: attributeAdded('org.apache.jasper.compiler.TldLocationsCache', 'org.apache.jasper.compiler.TldLocationsCache@14148543')
ιπε 28, 2017 1:14:15 AM org.apache.catalina.core.ApplicationContext log
INFO: ContextListener: contextInitialized()
ιπε 28, 2017 1:14:15 AM org.apache.catalina.core.ApplicationContext log
INFO: SessionListener: contextInitialized()
ιπε 28, 2017 1:14:15 AM org.apache.catalina.core.ApplicationContext log
INFO: ContextListener: attributeAdded('org.apache.jasper.compiler.TldLocationsCache', 'org.apache.jasper.compiler.TldLocationsCache@4e873a93')
